<?xml version="1.0" encoding="UTF-8"?>
<!-- Generated by org.testng.reporters.JUnitReportReporter -->
<testsuite hostname="LAPTOP-8VTB7492" failures="0" tests="1" name="testngpack.Demo" time="0.008" errors="0" timestamp="2022-06-06T20:00:04 IST" skipped="0">
  <testcase classname="testngpack.Demo" name="a" time="0.008"/>
  <system-out>
    <![CDATA[demo method class]]>
  </system-out>
</testsuite> <!-- testngpack.Demo -->
