<?xml version="1.0" encoding="UTF-8"?>
<!-- Generated by org.testng.reporters.JUnitReportReporter -->
<testsuite hostname="LAPTOP-8VTB7492" failures="0" tests="9" name="testngflags.Flag41" time="0.017" errors="0" timestamp="2022-06-05T21:06:13 IST" skipped="0">
  <testcase classname="testngflags.Flag41" name="g" time="0.001"/>
  <system-out>
    <![CDATA[g]]>
  </system-out>
  <testcase classname="testngflags.Flag41" name="a" time="0.009"/>
  <system-out>
    <![CDATA[a]]>
  </system-out>
  <testcase classname="testngflags.Flag41" name="k" time="0.001"/>
  <system-out>
    <![CDATA[k]]>
  </system-out>
  <testcase classname="testngflags.Flag41" name="b" time="0.001"/>
  <system-out>
    <![CDATA[b]]>
  </system-out>
  <testcase classname="testngflags.Flag41" name="l" time="0.001"/>
  <system-out>
    <![CDATA[l]]>
  </system-out>
  <testcase classname="testngflags.Flag41" name="h" time="0.001"/>
  <system-out>
    <![CDATA[h]]>
  </system-out>
  <testcase classname="testngflags.Flag41" name="p" time="0.001"/>
  <system-out>
    <![CDATA[p]]>
  </system-out>
  <testcase classname="testngflags.Flag41" name="z" time="0.002"/>
  <system-out>
    <![CDATA[z]]>
  </system-out>
  <testcase classname="testngflags.Flag41" name="m" time="0.000"/>
  <system-out>
    <![CDATA[m]]>
  </system-out>
</testsuite> <!-- testngflags.Flag41 -->
