<?xml version="1.0" encoding="UTF-8"?>
<!-- Generated by org.testng.reporters.JUnitReportReporter -->
<testsuite hostname="LAPTOP-8VTB7492" failures="0" tests="3" name="testngflags.depend" time="0.009" errors="0" timestamp="2022-06-05T21:10:58 IST" skipped="0">
  <testcase classname="testngflags.depend" name="logout" time="0.001"/>
  <system-out>
    <![CDATA[logout from  actitime]]>
  </system-out>
  <testcase classname="testngflags.depend" name="createContact" time="0.000"/>
  <system-out>
    <![CDATA[Create contact]]>
  </system-out>
  <testcase classname="testngflags.depend" name="login" time="0.008"/>
  <system-out>
    <![CDATA[login to actitime]]>
  </system-out>
</testsuite> <!-- testngflags.depend -->
