<?xml version="1.0" encoding="UTF-8"?>
<!-- Generated by org.testng.reporters.JUnitReportReporter -->
<testsuite hostname="LAPTOP-8VTB7492" failures="0" tests="1" name="testngflags.Flag1" time="0.018" errors="0" timestamp="2022-06-05T17:53:58 IST" skipped="0">
  <testcase classname="testngflags.Flag1" name="login" time="0.018"/>
  <system-out>
    <![CDATA[Login is performed]]>
  </system-out>
</testsuite> <!-- testngflags.Flag1 -->
