<?xml version="1.0" encoding="UTF-8"?>
<!-- Generated by org.testng.reporters.JUnitReportReporter -->
<testsuite hostname="LAPTOP-8VTB7492" failures="0" tests="1" name="testngpack.newTestng" time="0.010" errors="0" timestamp="2022-06-04T15:35:37 IST" skipped="0">
  <testcase classname="testngpack.newTestng" name="method1" time="0.010"/>
  <system-out>
    <![CDATA[Method1]]>
  </system-out>
</testsuite> <!-- testngpack.newTestng -->
