<?xml version="1.0" encoding="UTF-8"?>
<!-- Generated by org.testng.reporters.JUnitReportReporter -->
<testsuite hostname="LAPTOP-8VTB7492" failures="0" tests="18" name="testngflags.Flag7Groups" time="0.040" errors="0" timestamp="2022-06-08T08:24:46 IST" skipped="0">
  <testcase classname="testngflags.Flag7Groups" name="ft2" time="0.003"/>
  <system-out>
    <![CDATA[ft2]]>
  </system-out>
  <testcase classname="testngflags.Flag7Groups" name="ft1" time="0.010"/>
  <system-out>
    <![CDATA[ft1]]>
  </system-out>
  <testcase classname="testngflags.Flag7Groups" name="it3" time="0.002"/>
  <system-out>
    <![CDATA[it3]]>
  </system-out>
  <testcase classname="testngflags.Flag7Groups" name="it5" time="0.002"/>
  <system-out>
    <![CDATA[it5]]>
  </system-out>
  <testcase classname="testngflags.Flag7Groups" name="it1" time="0.001"/>
  <system-out>
    <![CDATA[it1]]>
  </system-out>
  <testcase classname="testngflags.Flag7Groups" name="it4" time="0.002"/>
  <system-out>
    <![CDATA[it4]]>
  </system-out>
  <testcase classname="testngflags.Flag7Groups" name="st2" time="0.002"/>
  <system-out>
    <![CDATA[st2]]>
  </system-out>
  <testcase classname="testngflags.Flag7Groups" name="ft4" time="0.003"/>
  <system-out>
    <![CDATA[ft4]]>
  </system-out>
  <testcase classname="testngflags.Flag7Groups" name="st1" time="0.001"/>
  <system-out>
    <![CDATA[st1]]>
  </system-out>
  <testcase classname="testngflags.Flag7Groups" name="it2" time="0.002"/>
  <system-out>
    <![CDATA[it2]]>
  </system-out>
  <testcase classname="testngflags.Flag7Groups" name="st3" time="0.001"/>
  <system-out>
    <![CDATA[st3]]>
  </system-out>
  <testcase classname="testngflags.Flag7Groups" name="ft6" time="0.003"/>
  <system-out>
    <![CDATA[ft6]]>
  </system-out>
  <testcase classname="testngflags.Flag7Groups" name="st5" time="0.002"/>
  <system-out>
    <![CDATA[st5]]>
  </system-out>
  <testcase classname="testngflags.Flag7Groups" name="st4" time="0.001"/>
  <system-out>
    <![CDATA[st4]]>
  </system-out>
  <testcase classname="testngflags.Flag7Groups" name="ft5" time="0.001"/>
  <system-out>
    <![CDATA[ft5]]>
  </system-out>
  <testcase classname="testngflags.Flag7Groups" name="it6" time="0.001"/>
  <system-out>
    <![CDATA[it6]]>
  </system-out>
  <testcase classname="testngflags.Flag7Groups" name="ft3" time="0.002"/>
  <system-out>
    <![CDATA[ft3]]>
  </system-out>
  <testcase classname="testngflags.Flag7Groups" name="st6" time="0.001"/>
  <system-out>
    <![CDATA[st6]]>
  </system-out>
</testsuite> <!-- testngflags.Flag7Groups -->
