<?xml version="1.0" encoding="UTF-8"?>
<!-- Generated by org.testng.reporters.JUnitReportReporter -->
<testsuite hostname="LAPTOP-8VTB7492" failures="0" tests="1" name="testngpack.Sumo" time="0.011" errors="0" timestamp="2022-06-06T20:00:04 IST" skipped="0">
  <testcase classname="testngpack.Sumo" name="c" time="0.011"/>
  <system-out>
    <![CDATA[sumo method class]]>
  </system-out>
</testsuite> <!-- testngpack.Sumo -->
