<?xml version="1.0" encoding="UTF-8"?>
<!-- Generated by org.testng.reporters.JUnitReportReporter -->
<testsuite hostname="LAPTOP-8VTB7492" failures="0" tests="2" name="testngflags.Prog1" time="0.032" errors="0" timestamp="2022-06-07T14:47:44 IST" skipped="0">
  <testcase classname="testngflags.Prog1" name="method2" time="0.016"/>
  <system-out>
    <![CDATA[19thread id
method2]]>
  </system-out>
  <testcase classname="testngflags.Prog1" name="method1" time="0.016"/>
  <system-out>
    <![CDATA[18thread id
method1]]>
  </system-out>
</testsuite> <!-- testngflags.Prog1 -->
