<?xml version="1.0" encoding="UTF-8"?>
<!-- Generated by org.testng.reporters.JUnitReportReporter -->
<testsuite hostname="LAPTOP-8VTB7492" failures="0" tests="1" name="testngpack.Remo" time="0.003" errors="0" timestamp="2022-06-06T20:00:04 IST" skipped="0">
  <testcase classname="testngpack.Remo" name="b" time="0.003"/>
  <system-out>
    <![CDATA[Remo method class]]>
  </system-out>
</testsuite> <!-- testngpack.Remo -->
